<?xml version="1.0" encoding="UTF-8"?>
<!-- Generated by org.testng.reporters.JUnitReportReporter -->
<testsuite skipped="0" hostname="NTPC01905" name="test.DropdownTest" tests="1" failures="0" timestamp="06 Feb 2019 12:18:42 GMT" time="8.635" errors="0">
  <testcase name="testDropdown" time="8.635" classname="test.DropdownTest"/>
</testsuite> <!-- test.DropdownTest -->
